android/app/build/intermediates/manifest_merge_blame_file/release/manifest-merger-blame-release-report.txt
1<?xml version="1.0" encoding="utf-8"?>
2<manifest xmlns:android="http://schemas.android.com/apk/res/android"
3    package="com.sozluk"
4    android:versionCode="1"
5    android:versionName="1.0" >
6
7    <uses-sdk
8        android:minSdkVersion="16"
8-->src\main\AndroidManifest.xml
9        android:targetSdkVersion="28" />
9-->src\main\AndroidManifest.xml
10
11    <uses-permission android:name="android.permission.INTERNET" />
11-->src\main\AndroidManifest.xml:4:5-67
11-->src\main\AndroidManifest.xml:4:22-64
12    <uses-permission android:name="android.permission.ACCESS_NETWORK_STATE" />
12-->[:react-native-community_netinfo] AndroidManifest.xml:9:5-79
12-->[:react-native-community_netinfo] AndroidManifest.xml:9:22-76
13    <uses-permission android:name="android.permission.ACCESS_WIFI_STATE" /> <!-- Required to access Google Play Licensing -->
13-->[:react-native-community_netinfo] AndroidManifest.xml:10:5-76
13-->[:react-native-community_netinfo] AndroidManifest.xml:10:22-73
14    <uses-permission android:name="com.android.vending.CHECK_LICENSE" />
14-->[:rn-fetch-blob] AndroidManifest.xml:12:5-73
14-->[:rn-fetch-blob] AndroidManifest.xml:12:22-70
15    <!--
16         Required to keep CPU alive while downloading files
17        (NOT to keep screen awake)
18    -->
19    <uses-permission android:name="android.permission.WAKE_LOCK" /> <!-- Required to read and write the expansion files on shared storage -->
19-->[:rn-fetch-blob] AndroidManifest.xml:21:5-68
19-->[:rn-fetch-blob] AndroidManifest.xml:21:22-65
20    <uses-permission android:name="android.permission.WRITE_EXTERNAL_STORAGE" />
20-->[:rn-fetch-blob] AndroidManifest.xml:33:5-81
20-->[:rn-fetch-blob] AndroidManifest.xml:33:22-78
21
22    <application
22-->src\main\AndroidManifest.xml:6:5-26:19
23        android:name="com.sozluk.MainApplication"
23-->src\main\AndroidManifest.xml:7:7-38
24        android:allowBackup="false"
24-->src\main\AndroidManifest.xml:11:7-34
25        android:appComponentFactory="androidx.core.app.CoreComponentFactory"
25-->[androidx.core:core:1.5.0-alpha01] AndroidManifest.xml:24:18-86
26        android:icon="@mipmap/ic_launcher"
26-->src\main\AndroidManifest.xml:9:7-41
27        android:label="@string/app_name"
27-->src\main\AndroidManifest.xml:8:7-39
28        android:roundIcon="@mipmap/ic_launcher_round"
28-->src\main\AndroidManifest.xml:10:7-52
29        android:theme="@style/AppTheme"
29-->src\main\AndroidManifest.xml:12:7-38
30        android:usesCleartextTraffic="true" >
30-->src\main\AndroidManifest.xml:13:7-42
31        <activity
31-->src\main\AndroidManifest.xml:14:7-24:18
32            android:name="com.sozluk.MainActivity"
32-->src\main\AndroidManifest.xml:15:9-37
33            android:configChanges="keyboard|keyboardHidden|orientation|screenSize|uiMode"
33-->src\main\AndroidManifest.xml:17:9-86
34            android:label="@string/app_name"
34-->src\main\AndroidManifest.xml:16:9-41
35            android:launchMode="singleTask"
35-->src\main\AndroidManifest.xml:18:9-40
36            android:windowSoftInputMode="adjustResize" >
36-->src\main\AndroidManifest.xml:19:9-51
37            <intent-filter>
37-->src\main\AndroidManifest.xml:20:9-23:25
38                <action android:name="android.intent.action.MAIN" />
38-->src\main\AndroidManifest.xml:21:13-65
38-->src\main\AndroidManifest.xml:21:21-62
39
40                <category android:name="android.intent.category.LAUNCHER" />
40-->src\main\AndroidManifest.xml:22:13-73
40-->src\main\AndroidManifest.xml:22:23-70
41            </intent-filter>
42        </activity>
43        <activity android:name="com.facebook.react.devsupport.DevSettingsActivity" />
43-->src\main\AndroidManifest.xml:25:7-84
43-->src\main\AndroidManifest.xml:25:17-81
44
45        <provider
45-->[:rn-fetch-blob] AndroidManifest.xml:36:9-44:20
46            android:name="com.RNFetchBlob.Utils.FileProvider"
46-->[:rn-fetch-blob] AndroidManifest.xml:37:13-62
47            android:authorities="com.sozluk.provider"
47-->[:rn-fetch-blob] AndroidManifest.xml:38:13-60
48            android:exported="false"
48-->[:rn-fetch-blob] AndroidManifest.xml:39:13-37
49            android:grantUriPermissions="true" >
49-->[:rn-fetch-blob] AndroidManifest.xml:40:13-47
50            <meta-data
50-->[:rn-fetch-blob] AndroidManifest.xml:41:13-43:58
51                android:name="android.support.FILE_PROVIDER_PATHS"
51-->[:rn-fetch-blob] AndroidManifest.xml:42:17-67
52                android:resource="@xml/provider_paths" />
52-->[:rn-fetch-blob] AndroidManifest.xml:43:17-55
53        </provider>
54    </application>
55
56</manifest>